<?xml version="1.0" encoding="UTF-8"?>
<testng-results skipped="0" failed="0" total="2" passed="2">
  <reporter-output>
  </reporter-output>
  <suite name="Default suite" duration-ms="1161" started-at="2016-08-17T07:15:20Z" finished-at="2016-08-17T07:15:21Z">
    <groups>
    </groups>
    <test name="Default test" duration-ms="1161" started-at="2016-08-17T07:15:20Z" finished-at="2016-08-17T07:15:21Z">
      <class name="UnitTests.TestDataProviderTests">
        <test-method status="PASS" signature="setUp()[pri:0, instance:UnitTests.TestDataProviderTests@1aeed2f]" name="setUp" is-config="true" duration-ms="1065" started-at="2016-08-17T02:15:20Z" finished-at="2016-08-17T02:15:21Z">
          <reporter-output>
          </reporter-output>
        </test-method> <!-- setUp -->
        <test-method status="PASS" signature="testProductID()[pri:0, instance:UnitTests.TestDataProviderTests@1aeed2f]" name="testProductID" duration-ms="48" started-at="2016-08-17T02:15:21Z" finished-at="2016-08-17T02:15:21Z">
          <reporter-output>
          </reporter-output>
        </test-method> <!-- testProductID -->
        <test-method status="PASS" signature="testUserName()[pri:0, instance:UnitTests.TestDataProviderTests@1aeed2f]" name="testUserName" duration-ms="6" started-at="2016-08-17T02:15:21Z" finished-at="2016-08-17T02:15:21Z">
          <reporter-output>
          </reporter-output>
        </test-method> <!-- testUserName -->
      </class> <!-- UnitTests.TestDataProviderTests -->
    </test> <!-- Default test -->
  </suite> <!-- Default suite -->
</testng-results>
